<?xml version="1.0" encoding="UTF-8"?>
<!-- Generated by org.testng.reporters.JUnitReportReporter -->
<testsuite skipped="0" hostname="Ansley-PC" name="qaclickacademy.RESTAPITest" tests="1" failures="0" timestamp="28 Feb 2019 03:33:09 GMT" time="0.000" errors="0">
  <testcase name="print2" time="0.000" classname="qaclickacademy.RESTAPITest"/>
</testsuite> <!-- qaclickacademy.RESTAPITest -->
